C:\USERS\JONATH KANE\DOCUMENTS\GITHUB\SMALLWORLD\WRAPPERSMALLWORLD\DEBUG\WRAPPERSMALLWORLD.OBJ
C:\USERS\JONATH KANE\DOCUMENTS\GITHUB\SMALLWORLD\WRAPPERSMALLWORLD\DEBUG\VC110.PDB
C:\USERS\JONATH KANE\DOCUMENTS\GITHUB\SMALLWORLD\WRAPPERSMALLWORLD\DEBUG\.NETFRAMEWORK,VERSION=V4.5.ASSEMBLYATTRIBUTES.OBJ
C:\USERS\JONATH KANE\DOCUMENTS\GITHUB\SMALLWORLD\DEBUG\WRAPPERSMALLWORLD.ILK
C:\USERS\JONATH KANE\DOCUMENTS\GITHUB\SMALLWORLD\DEBUG\WRAPPERSMALLWORLD.DLL
C:\USERS\JONATH KANE\DOCUMENTS\GITHUB\SMALLWORLD\DEBUG\WRAPPERSMALLWORLD.PDB
C:\Users\Benoit Travers\Downloads\SmallWorld\WrapperSmallWorld\Debug\WrapperSmallWorld.vcxprojResolveAssemblyReference.cache
C:\Users\Benoit Travers\Downloads\SmallWorld\WrapperSmallWorld\Debug\.NETFramework,Version=v4.5.AssemblyAttributes.obj
C:\Users\Benoit Travers\Downloads\SmallWorld\WrapperSmallWorld\Debug\WrapperSmallWorld.obj
C:\Users\Benoit Travers\Downloads\SmallWorld\WrapperSmallWorld\Debug\cl.command.1.tlog
C:\Users\Benoit Travers\Downloads\SmallWorld\WrapperSmallWorld\Debug\CL.read.1.tlog
C:\Users\Benoit Travers\Downloads\SmallWorld\WrapperSmallWorld\Debug\CL.write.1.tlog
C:\Users\Benoit Travers\Downloads\SmallWorld\WrapperSmallWorld\Debug\link.9364-cvtres.read.1.tlog
C:\Users\Benoit Travers\Downloads\SmallWorld\WrapperSmallWorld\Debug\link.9364-cvtres.write.1.tlog
C:\Users\Benoit Travers\Downloads\SmallWorld\WrapperSmallWorld\Debug\link.9364-rc.read.1.tlog
C:\Users\Benoit Travers\Downloads\SmallWorld\WrapperSmallWorld\Debug\link.9364-rc.write.1.tlog
C:\Users\Benoit Travers\Downloads\SmallWorld\WrapperSmallWorld\Debug\link.9364.read.1.tlog
C:\Users\Benoit Travers\Downloads\SmallWorld\WrapperSmallWorld\Debug\link.9364.write.1.tlog
C:\Users\Benoit Travers\Downloads\SmallWorld\WrapperSmallWorld\Debug\link.command.1.tlog
C:\Users\Benoit Travers\Downloads\SmallWorld\WrapperSmallWorld\Debug\link.read.1.tlog
C:\Users\Benoit Travers\Downloads\SmallWorld\WrapperSmallWorld\Debug\link.write.1.tlog
C:\Users\Benoit Travers\Downloads\SmallWorld\WrapperSmallWorld\Debug\metagen.read.1.tlog
C:\Users\Benoit Travers\Downloads\SmallWorld\WrapperSmallWorld\Debug\metagen.write.1.tlog
C:\Users\Benoit Travers\Downloads\SmallWorld\WrapperSmallWorld\Debug\vc110.pdb
C:\Users\Benoit Travers\Downloads\SmallWorld\WrapperSmallWorld\Debug\RSAENH.DLL.bi
C:\Users\Benoit Travers\Downloads\SmallWorld\WrapperSmallWorld\Debug\TZRES.DLL.bi
C:\Users\Benoit Travers\Downloads\SmallWorld\Debug\WrapperSmallWorld.pdb
C:\Users\Benoit Travers\Downloads\SmallWorld\Debug\WrapperSmallWorld.dll
C:\Users\Benoit Travers\Downloads\SmallWorld\Debug\WrapperSmallWorld.ilk
