H:\POO\SMALLWORLD\SMALLWORLD\LIBRARYSMALLWORLD\DEBUG\API.OBJ
H:\POO\SMALLWORLD\SMALLWORLD\LIBRARYSMALLWORLD\DEBUG\VC100.PDB
H:\POO\SMALLWORLD\SMALLWORLD\LIBRARYSMALLWORLD\DEBUG\CARTE.OBJ
C:\TEMP\SMALLWORLD\SMALLWORLD\LIBRARYSMALLWORLD\DEBUG\API.OBJ
C:\TEMP\SMALLWORLD\SMALLWORLD\LIBRARYSMALLWORLD\DEBUG\VC100.PDB
C:\TEMP\SMALLWORLD\SMALLWORLD\LIBRARYSMALLWORLD\DEBUG\CARTE.OBJ
䡞尺佐屏浓污坬牯摬卜慭汬潗汲層楌牢牡卹慭汬潗汲層楌牢牡卹慭汬潗汲⹤捶灸潲൪䠊尺佐屏浓污坬牯摬卜慭汬潗汲層敄畢屧楌牢牡卹慭汬潗汲⹤楬ൢ䠊尺佐屏浓污坬牯摬卜慭汬潗汲層敄畢屧楌牢牡卹慭汬潗汲⹤楬ൢ䠊尺佐屏浓污坬牯摬卜慭汬潗汲層敄畢屧楌牢牡卹慭汬潗汲⹤硥൰䠊尺佐屏浓污坬牯摬卜慭汬潗汲層敄畢屧楌牢牡卹慭汬潗汲⹤硥൰帊㩈停住卜慭汬潗汲層浓污坬牯摬䱜扩慲祲浓污坬牯摬䱜扩慲祲浓污坬牯摬瘮硣牰橯਍㩈停住卜慭汬潗汲層浓污坬牯摬䑜扥杵䱜扩慲祲浓污坬牯摬氮扩਍㩈停住卜慭汬潗汲層浓污坬牯摬䑜扥杵䱜扩慲祲浓污坬牯摬氮扩਍㩈停住卜慭汬潗汲層浓污坬牯摬䑜扥杵䱜扩慲祲浓污坬牯摬攮灸਍㩈停住卜慭汬潗汲層浓污坬牯摬䑜扥杵䱜扩慲祲浓污坬牯摬攮灸਍䡞尺佐屏浓污坬牯摬卜慭汬潗汲層楌牢牡卹慭汬潗汲層楌牢牡卹慭汬潗汲⹤捶灸潲൪䠊尺佐屏浓污坬牯摬卜慭汬潗汲層敄畢屧楌牢牡卹慭汬潗汲⹤楬ൢ䠊尺佐屏浓污坬牯摬卜慭汬潗汲層敄畢屧楌牢牡卹慭汬潗汲⹤楬ൢ䠊尺佐屏浓污坬牯摬卜慭汬潗汲層敄畢屧楌牢牡卹慭汬潗汲⹤硥൰䠊尺佐屏浓污坬牯摬卜慭汬潗汲層敄畢屧楌牢牡卹慭汬潗汲⹤硥൰帊㩈停住卜慭汬潗汲層浓污坬牯摬䱜扩慲祲浓污坬牯摬䱜扩慲祲浓污坬牯摬瘮硣牰橯਍㩈停住卜慭汬潗汲層浓污坬牯摬䑜扥杵䱜扩慲祲浓污坬牯摬氮扩਍㩈停住卜慭汬潗汲層浓污坬牯摬䑜扥杵䱜扩慲祲浓污坬牯摬氮扩਍㩈停住卜慭汬潗汲層浓污坬牯摬䑜扥杵䱜扩慲祲浓污坬牯摬攮灸਍㩈停住卜慭汬潗汲層浓污坬牯摬䑜扥杵䱜扩慲祲浓污坬牯摬攮灸਍䡞尺佐屏浓污坬牯摬卜慭汬潗汲層楌牢牡卹慭汬潗汲層楌牢牡卹慭汬潗汲⹤捶灸潲൪䠊尺佐屏浓污坬牯摬卜慭汬潗汲層敄畢屧楌牢牡卹慭汬潗汲⹤楬ൢ䠊尺佐屏浓污坬牯摬卜慭汬潗汲層敄畢屧楌牢牡卹慭汬潗汲⹤楬ൢ䠊尺佐屏浓污坬牯摬卜慭汬潗汲層敄畢屧楌牢牡卹慭汬潗汲⹤硥൰䠊尺佐屏浓污坬牯摬卜慭汬潗汲層敄畢屧楌牢牡卹慭汬潗汲⹤硥൰帊㩈停住卜慭汬潗汲層浓污坬牯摬䱜扩慲祲浓污坬牯摬䱜扩慲祲浓污坬牯摬瘮硣牰橯਍㩈停住卜慭汬潗汲層浓污坬牯摬䑜扥杵䱜扩慲祲浓污坬牯摬氮扩਍㩈停住卜慭汬潗汲層浓污坬牯摬䑜扥杵䱜扩慲祲浓污坬牯摬氮扩਍㩈停住卜慭汬潗汲層浓污坬牯摬䑜扥杵䱜扩慲祲浓污坬牯摬攮灸਍㩈停住卜慭汬潗汲層浓污坬牯摬䑜扥杵䱜扩慲祲浓污坬牯摬攮灸਍䡞尺佐屏浓污坬牯摬卜慭汬潗汲層楌牢牡卹慭汬潗汲層楌牢牡卹慭汬潗汲⹤捶灸潲൪䠊尺佐屏浓污坬牯摬卜慭汬潗汲層敄畢屧楌牢牡卹慭汬潗汲⹤楬ൢ䠊尺佐屏浓污坬牯摬卜慭汬潗汲層敄畢屧楌牢牡卹慭汬潗汲⹤楬ൢ䠊尺佐屏浓污坬牯摬卜慭汬潗汲層敄畢屧楌牢牡卹慭汬潗汲⹤硥൰䠊尺佐屏浓污坬牯摬卜慭汬潗汲層敄畢屧楌牢牡卹慭汬潗汲⹤硥൰帊㩈停住卜慭汬潗汲層浓污坬牯摬䱜扩慲祲浓污坬牯摬䱜扩慲祲浓污坬牯摬瘮硣牰橯਍㩈停住卜慭汬潗汲層浓污坬牯摬䑜扥杵䱜扩慲祲浓污坬牯摬氮扩਍㩈停住卜慭汬潗汲層浓污坬牯摬䑜扥杵䱜扩慲祲浓污坬牯摬氮扩਍㩈停住卜慭汬潗汲層浓污坬牯摬䑜扥杵䱜扩慲祲浓污坬牯摬攮灸਍㩈停住卜慭汬潗汲層浓污坬牯摬䑜扥杵䱜扩慲祲浓污坬牯摬攮灸਍䡞尺佐屏浓污坬牯摬卜慭汬潗汲層楌牢牡卹慭汬潗汲層楌牢牡卹慭汬潗汲⹤捶灸潲൪䠊尺佐屏浓污坬牯摬卜慭汬潗汲層敄畢屧楌牢牡卹慭汬潗汲⹤楬ൢ䠊尺佐屏浓污坬牯摬卜慭汬潗汲層敄畢屧楌牢牡卹慭汬潗汲⹤楬ൢ䠊尺佐屏浓污坬牯摬卜慭汬潗汲層敄畢屧楌牢牡卹慭汬潗汲⹤硥൰䠊尺佐屏浓污坬牯摬卜慭汬潗汲層敄畢屧楌牢牡卹慭汬潗汲⹤硥൰帊㩃呜浥屰浓污坬牯摬卜慭汬潗汲層楌牢牡卹慭汬潗汲層楌牢牡卹慭汬潗汲⹤捶灸潲൪䌊尺敔灭卜慭汬潗汲層浓污坬牯摬䑜扥杵䱜扩慲祲浓污坬牯摬氮扩਍㩃呜浥屰浓污坬牯摬卜慭汬潗汲層敄畢屧楌牢牡卹慭汬潗汲⹤楬ൢ䌊尺敔灭卜慭汬潗汲層浓污坬牯摬䑜扥杵䱜扩慲祲浓污坬牯摬攮灸਍㩃呜浥屰浓污坬牯摬卜慭汬潗汲層敄畢屧楌牢牡卹慭汬潗汲⹤硥൰帊㩃呜浥屰浓污坬牯摬卜慭汬潗汲層楌牢牡卹慭汬潗汲層楌牢牡卹慭汬潗汲⹤捶灸潲൪䌊尺敔灭卜慭汬潗汲層浓污坬牯摬䑜扥杵䱜扩慲祲浓污坬牯摬氮扩਍㩃呜浥屰浓污坬牯摬卜慭汬潗汲層敄畢屧楌牢牡卹慭汬潗汲⹤楬ൢ䌊尺敔灭卜慭汬潗汲層浓污坬牯摬䑜扥杵䱜扩慲祲浓污坬牯摬攮灸਍㩃呜浥屰浓污坬牯摬卜慭汬潗汲層敄畢屧楌牢牡卹慭汬潗汲⹤硥൰帊㩃呜浥屰浓污坬牯摬卜慭汬潗汲層楌牢牡卹慭汬潗汲層楌牢牡卹慭汬潗汲⹤捶灸潲൪䌊尺敔灭卜慭汬潗汲層浓污坬牯摬䑜扥杵䱜扩慲祲浓污坬牯摬氮扩਍㩃呜浥屰浓污坬牯摬卜慭汬潗汲層敄畢屧楌牢牡卹慭汬潗汲⹤楬ൢ䌊尺敔灭卜慭汬潗汲層浓污坬牯摬䑜扥杵䱜扩慲祲浓污坬牯摬攮灸਍㩃呜浥屰浓污坬牯摬卜慭汬潗汲層敄畢屧楌牢牡卹慭汬潗汲⹤硥൰帊㩃呜浥屰浓污坬牯摬卜慭汬潗汲層楌牢牡卹慭汬潗汲層楌牢牡卹慭汬潗汲⹤捶灸潲൪䌊尺敔灭卜慭汬潗汲層浓污坬牯摬䑜扥杵䱜扩慲祲浓污坬牯摬氮扩਍㩃呜浥屰浓污坬牯摬卜慭汬潗汲層敄畢屧楌牢牡卹慭汬潗汲⹤楬ൢ䌊尺敔灭卜慭汬潗汲層浓污坬牯摬䑜扥杵䱜扩慲祲浓污坬牯摬攮灸਍㩃呜浥屰浓污坬牯摬卜慭汬潗汲層敄畢屧楌牢牡卹慭汬潗汲⹤硥൰帊㩃呜浥屰浓污坬牯摬卜慭汬潗汲層楌牢牡卹慭汬潗汲層楌牢牡卹慭汬潗汲⹤捶灸潲൪䌊尺敔灭卜慭汬潗汲層浓污坬牯摬䑜扥杵䱜扩慲祲浓污坬牯摬氮扩਍㩃呜浥屰浓污坬牯摬卜慭汬潗汲層敄畢屧楌牢牡卹慭汬潗汲⹤楬ൢ䌊尺敔灭卜慭汬潗汲層浓污坬牯摬䑜扥杵䱜扩慲祲浓污坬牯摬攮灸਍㩃呜浥屰浓污坬牯摬卜慭汬潗汲層敄畢屧楌牢牡卹慭汬潗汲⹤硥൰帊㩃呜浥屰浓污坬牯摬卜慭汬潗汲層楌牢牡卹慭汬潗汲層楌牢牡卹慭汬潗汲⹤捶灸潲൪䌊尺敔灭卜慭汬潗汲層浓污坬牯摬䑜扥杵䱜扩慲祲浓污坬牯摬氮扩਍㩃呜浥屰浓污坬牯摬卜慭汬潗汲層敄畢屧楌牢牡卹慭汬潗汲⹤楬ൢ䌊尺敔灭卜慭汬潗汲層浓污坬牯摬䑜扥杵䱜扩慲祲浓污坬牯摬攮灸਍㩃呜浥屰浓污坬牯摬卜慭汬潗汲層敄畢屧楌牢牡卹慭汬潗汲⹤硥൰帊㩃呜浥屰浓污坬牯摬卜慭汬潗汲層楌牢牡卹慭汬潗汲層楌牢牡卹慭汬潗汲⹤捶灸潲൪䌊尺敔灭卜慭汬潗汲層浓污坬牯摬䑜扥杵䱜扩慲祲浓污坬牯摬氮扩਍㩃呜浥屰浓污坬牯摬卜慭汬潗汲層敄畢屧楌牢牡卹慭汬潗汲⹤楬ൢ䌊尺敔灭卜慭汬潗汲層浓污坬牯摬䑜扥杵䱜扩慲祲浓污坬牯摬攮灸਍㩃呜浥屰浓污坬牯摬卜慭汬潗汲層敄畢屧楌牢牡卹慭汬潗汲⹤硥൰帊㩃呜浥屰浓污坬牯摬卜慭汬潗汲層楌牢牡卹慭汬潗汲層楌牢牡卹慭汬潗汲⹤捶灸潲൪䌊尺敔灭卜慭汬潗汲層浓污坬牯摬䑜扥杵䱜扩慲祲浓污坬牯摬氮扩਍㩃呜浥屰浓污坬牯摬卜慭汬潗汲層敄畢屧楌牢牡卹慭汬潗汲⹤楬ൢ䌊尺敔灭卜慭汬潗汲層浓污坬牯摬䑜扥杵䱜扩慲祲浓污坬牯摬攮灸਍㩃呜浥屰浓污坬牯摬卜慭汬潗汲層敄畢屧楌牢牡卹慭汬潗汲⹤硥൰
H:\POO\SMALLWORLD\SMALLWORLD\DEBUG\LIBRARYSMALLWORLD.ILK
H:\POO\SMALLWORLD\SMALLWORLD\DEBUG\LIBRARYSMALLWORLD.DLL
H:\POO\SMALLWORLD\SMALLWORLD\LIBRARYSMALLWORLD\DEBUG\LIBRARYSMALLWORLD.DLL.INTERMEDIATE.MANIFEST
H:\POO\SMALLWORLD\SMALLWORLD\DEBUG\LIBRARYSMALLWORLD.PDB
C:\TEMP\SMALLWORLD\SMALLWORLD\DEBUG\LIBRARYSMALLWORLD.ILK
C:\TEMP\SMALLWORLD\SMALLWORLD\DEBUG\LIBRARYSMALLWORLD.DLL
C:\TEMP\SMALLWORLD\SMALLWORLD\LIBRARYSMALLWORLD\DEBUG\LIBRARYSMALLWORLD.DLL.INTERMEDIATE.MANIFEST
C:\TEMP\SMALLWORLD\SMALLWORLD\DEBUG\LIBRARYSMALLWORLD.PDB
H:\POO\SmallWorld\SmallWorld\LibrarySmallWorld\Debug\LibrarySmallWorld.vcxprojResolveAssemblyReference.cache
H:\POO\SmallWorld\SmallWorld\LibrarySmallWorld\Debug\api.obj
H:\POO\SmallWorld\SmallWorld\LibrarySmallWorld\Debug\carte.obj
H:\POO\SmallWorld\SmallWorld\LibrarySmallWorld\Debug\LibrarySmallWorld.ilk
H:\POO\SmallWorld\SmallWorld\LibrarySmallWorld\Debug\WrapperSmallWorld.ilk
H:\POO\SmallWorld\SmallWorld\LibrarySmallWorld\Debug\cl.command.1.tlog
H:\POO\SmallWorld\SmallWorld\LibrarySmallWorld\Debug\CL.read.1.tlog
H:\POO\SmallWorld\SmallWorld\LibrarySmallWorld\Debug\CL.write.1.tlog
H:\POO\SmallWorld\SmallWorld\LibrarySmallWorld\Debug\LibrarySmallWorld.write.1.tlog
H:\POO\SmallWorld\SmallWorld\LibrarySmallWorld\Debug\link.1080.read.1.tlog
H:\POO\SmallWorld\SmallWorld\LibrarySmallWorld\Debug\link.1080.write.1.tlog
H:\POO\SmallWorld\SmallWorld\LibrarySmallWorld\Debug\link.1232.read.1.tlog
H:\POO\SmallWorld\SmallWorld\LibrarySmallWorld\Debug\link.1232.write.1.tlog
H:\POO\SmallWorld\SmallWorld\LibrarySmallWorld\Debug\link.1248.read.1.tlog
H:\POO\SmallWorld\SmallWorld\LibrarySmallWorld\Debug\link.1248.write.1.tlog
H:\POO\SmallWorld\SmallWorld\LibrarySmallWorld\Debug\link.1396.read.1.tlog
H:\POO\SmallWorld\SmallWorld\LibrarySmallWorld\Debug\link.1396.write.1.tlog
H:\POO\SmallWorld\SmallWorld\LibrarySmallWorld\Debug\link.3020.read.1.tlog
H:\POO\SmallWorld\SmallWorld\LibrarySmallWorld\Debug\link.3020.write.1.tlog
H:\POO\SmallWorld\SmallWorld\LibrarySmallWorld\Debug\link.3040.read.1.tlog
H:\POO\SmallWorld\SmallWorld\LibrarySmallWorld\Debug\link.3040.write.1.tlog
H:\POO\SmallWorld\SmallWorld\LibrarySmallWorld\Debug\link.3112.read.1.tlog
H:\POO\SmallWorld\SmallWorld\LibrarySmallWorld\Debug\link.3112.write.1.tlog
H:\POO\SmallWorld\SmallWorld\LibrarySmallWorld\Debug\link.3116.read.1.tlog
H:\POO\SmallWorld\SmallWorld\LibrarySmallWorld\Debug\link.3116.write.1.tlog
H:\POO\SmallWorld\SmallWorld\LibrarySmallWorld\Debug\link.3420.read.1.tlog
H:\POO\SmallWorld\SmallWorld\LibrarySmallWorld\Debug\link.3420.write.1.tlog
H:\POO\SmallWorld\SmallWorld\LibrarySmallWorld\Debug\link.3472.read.1.tlog
H:\POO\SmallWorld\SmallWorld\LibrarySmallWorld\Debug\link.3472.write.1.tlog
H:\POO\SmallWorld\SmallWorld\LibrarySmallWorld\Debug\link.352.read.1.tlog
H:\POO\SmallWorld\SmallWorld\LibrarySmallWorld\Debug\link.352.write.1.tlog
H:\POO\SmallWorld\SmallWorld\LibrarySmallWorld\Debug\link.3852.read.1.tlog
H:\POO\SmallWorld\SmallWorld\LibrarySmallWorld\Debug\link.3852.write.1.tlog
H:\POO\SmallWorld\SmallWorld\LibrarySmallWorld\Debug\link.3868.read.1.tlog
H:\POO\SmallWorld\SmallWorld\LibrarySmallWorld\Debug\link.3868.write.1.tlog
H:\POO\SmallWorld\SmallWorld\LibrarySmallWorld\Debug\link.3892.read.1.tlog
H:\POO\SmallWorld\SmallWorld\LibrarySmallWorld\Debug\link.3892.write.1.tlog
H:\POO\SmallWorld\SmallWorld\LibrarySmallWorld\Debug\link.4104.read.1.tlog
H:\POO\SmallWorld\SmallWorld\LibrarySmallWorld\Debug\link.4104.write.1.tlog
H:\POO\SmallWorld\SmallWorld\LibrarySmallWorld\Debug\link.4160.read.1.tlog
H:\POO\SmallWorld\SmallWorld\LibrarySmallWorld\Debug\link.4160.write.1.tlog
H:\POO\SmallWorld\SmallWorld\LibrarySmallWorld\Debug\link.4440.read.1.tlog
H:\POO\SmallWorld\SmallWorld\LibrarySmallWorld\Debug\link.4440.write.1.tlog
H:\POO\SmallWorld\SmallWorld\LibrarySmallWorld\Debug\link.456.read.1.tlog
H:\POO\SmallWorld\SmallWorld\LibrarySmallWorld\Debug\link.456.write.1.tlog
H:\POO\SmallWorld\SmallWorld\LibrarySmallWorld\Debug\link.468.read.1.tlog
H:\POO\SmallWorld\SmallWorld\LibrarySmallWorld\Debug\link.468.write.1.tlog
H:\POO\SmallWorld\SmallWorld\LibrarySmallWorld\Debug\link.5232.read.1.tlog
H:\POO\SmallWorld\SmallWorld\LibrarySmallWorld\Debug\link.5232.write.1.tlog
H:\POO\SmallWorld\SmallWorld\LibrarySmallWorld\Debug\link.5480.read.1.tlog
H:\POO\SmallWorld\SmallWorld\LibrarySmallWorld\Debug\link.5480.write.1.tlog
H:\POO\SmallWorld\SmallWorld\LibrarySmallWorld\Debug\link.5748.read.1.tlog
H:\POO\SmallWorld\SmallWorld\LibrarySmallWorld\Debug\link.5748.write.1.tlog
H:\POO\SmallWorld\SmallWorld\LibrarySmallWorld\Debug\link.5756.read.1.tlog
H:\POO\SmallWorld\SmallWorld\LibrarySmallWorld\Debug\link.5756.write.1.tlog
H:\POO\SmallWorld\SmallWorld\LibrarySmallWorld\Debug\link.5780.read.1.tlog
H:\POO\SmallWorld\SmallWorld\LibrarySmallWorld\Debug\link.5780.write.1.tlog
H:\POO\SmallWorld\SmallWorld\LibrarySmallWorld\Debug\link.6028.read.1.tlog
H:\POO\SmallWorld\SmallWorld\LibrarySmallWorld\Debug\link.6028.write.1.tlog
H:\POO\SmallWorld\SmallWorld\LibrarySmallWorld\Debug\link.6112.read.1.tlog
H:\POO\SmallWorld\SmallWorld\LibrarySmallWorld\Debug\link.6112.write.1.tlog
H:\POO\SmallWorld\SmallWorld\LibrarySmallWorld\Debug\link.command.1.tlog
H:\POO\SmallWorld\SmallWorld\LibrarySmallWorld\Debug\link.read.1.tlog
H:\POO\SmallWorld\SmallWorld\LibrarySmallWorld\Debug\link.write.1.tlog
H:\POO\SmallWorld\SmallWorld\LibrarySmallWorld\Debug\mt.command.1.tlog
H:\POO\SmallWorld\SmallWorld\LibrarySmallWorld\Debug\mt.read.1.tlog
H:\POO\SmallWorld\SmallWorld\LibrarySmallWorld\Debug\mt.write.1.tlog
H:\POO\SmallWorld\SmallWorld\LibrarySmallWorld\Debug\LibrarySmallWorld.dll.intermediate.manifest
H:\POO\SmallWorld\SmallWorld\LibrarySmallWorld\Debug\LibrarySmallWorld.exp
H:\POO\SmallWorld\SmallWorld\LibrarySmallWorld\Debug\vc100.idb
H:\POO\SmallWorld\SmallWorld\LibrarySmallWorld\Debug\LibrarySmallWorld.pdb
H:\POO\SmallWorld\SmallWorld\LibrarySmallWorld\Debug\vc100.pdb
H:\POO\SmallWorld\SmallWorld\LibrarySmallWorld\Debug\WrapperSmallWorld.pdb
H:\POO\SmallWorld\SmallWorld\Debug\LibrarySmallWorld.pdb
H:\POO\SmallWorld\SmallWorld\Debug\LibrarySmallWorld.dll
H:\POO\SmallWorld\SmallWorld\Debug\LibrarySmallWorld.ilk
