La génération a démarré 20/11/2013 11:39:16.
     1>Projet "H:\POO\SmallWorld\SmallWorld\LibrarySmallWorld\LibrarySmallWorld.vcxproj" sur le nœud 2 (Build cible(s)).
     1>InitializeBuildStatus:
         Création de "Debug\LibrarySmallWorld.unsuccessfulbuild", car "AlwaysCreate" a été spécifié.
       ClCompile:
         Toutes les sorties sont à jour.
         Toutes les sorties sont à jour.
       Link:
         C:\Program Files (x86)\Microsoft Visual Studio 10.0\VC\bin\link.exe /ERRORREPORT:PROMPT /OUT:"H:\POO\SmallWorld\SmallWorld\Debug\LibrarySmallWorld.dll" /NOLOGO kernel32.lib user32.lib gdi32.lib winspool.lib comdlg32.lib advapi32.lib shell32.lib ole32.lib oleaut32.lib uuid.lib odbc32.lib odbccp32.lib /MANIFEST /ManifestFile:"Debug\LibrarySmallWorld.dll.intermediate.manifest" /MANIFESTUAC:"level='asInvoker' uiAccess='false'" /DEBUG /PDB:"H:\POO\SmallWorld\SmallWorld\Debug\LibrarySmallWorld.pdb" /TLBID:1 /DYNAMICBASE /NXCOMPAT /IMPLIB:"H:\POO\SmallWorld\SmallWorld\Debug\LibrarySmallWorld.lib" /MACHINE:X86 /DLL Debug\api.obj
         Debug\carte.obj
            Création de la bibliothèque H:\POO\SmallWorld\SmallWorld\Debug\LibrarySmallWorld.lib et de l'objet H:\POO\SmallWorld\SmallWorld\Debug\LibrarySmallWorld.exp
         LibrarySmallWorld.vcxproj -> H:\POO\SmallWorld\SmallWorld\Debug\LibrarySmallWorld.dll
       Manifest:
         C:\Program Files (x86)\Microsoft SDKs\Windows\v7.0A\bin\mt.exe /nologo /verbose /outputresource:"H:\POO\SmallWorld\SmallWorld\Debug\LibrarySmallWorld.dll;#2" /manifest Debug\LibrarySmallWorld.dll.intermediate.manifest
       CopyFilesToOutputDirectory:
         Copie du fichier de "Debug\LibrarySmallWorld.pdb" vers "H:\POO\SmallWorld\SmallWorld\Debug\LibrarySmallWorld.pdb".
       FinalizeBuildStatus:
         Suppression du fichier "Debug\LibrarySmallWorld.unsuccessfulbuild".
         Mise à jour de l'horodatage "Debug\LibrarySmallWorld.lastbuildstate".
     1>Génération du projet "H:\POO\SmallWorld\SmallWorld\LibrarySmallWorld\LibrarySmallWorld.vcxproj" terminée (Build cible(s)).

La génération a réussi.

Temps écoulé 00:00:01.18
